<?xml version="1.0" encoding="UTF-8"?>
<testsuite name="com.dgsw.cns.domain.DataTest" tests="1" skipped="0" failures="0" errors="0" timestamp="2022-12-31T06:33:26" hostname="DESKTOP-2G6D59R" time="0.186">
  <properties/>
  <testcase name="findByUsername()" classname="com.dgsw.cns.domain.DataTest" time="0.186"/>
  <system-out><![CDATA[15:33:24.724 [Test worker] DEBUG org.springframework.boot.test.autoconfigure.orm.jpa.DataJpaTestContextBootstrapper - Neither @ContextConfiguration nor @ContextHierarchy found for test class [DataTest]: using SpringBootContextLoader
15:33:24.727 [Test worker] DEBUG org.springframework.test.context.support.AbstractContextLoader - Could not detect default resource locations for test class [com.dgsw.cns.domain.DataTest]: no resource found for suffixes {-context.xml, Context.groovy}.
15:33:24.727 [Test worker] INFO org.springframework.test.context.support.AnnotationConfigContextLoaderUtils - Could not detect default configuration classes for test class [com.dgsw.cns.domain.DataTest]: DataTest does not declare any static, non-private, non-final, nested classes annotated with @Configuration.
15:33:24.751 [Test worker] DEBUG org.springframework.boot.test.autoconfigure.orm.jpa.DataJpaTestContextBootstrapper - Using ContextCustomizers for test class [DataTest]: [DisableAutoConfigurationContextCustomizer, DisableObservabilityContextCustomizer, TypeExcludeFiltersContextCustomizer, PropertyMappingContextCustomizer, Customizer, ImportsContextCustomizer, ExcludeFilterContextCustomizer, DuplicateJsonObjectContextCustomizer, MockitoContextCustomizer]
15:33:24.783 [Test worker] DEBUG org.springframework.context.annotation.ClassPathScanningCandidateComponentProvider - Identified candidate component class: file [D:\develop\ida-carnation\User-Spi\build\classes\java\test\com\dgsw\cns\domain\ApplicationTests.class]
15:33:24.786 [Test worker] INFO org.springframework.boot.test.context.SpringBootTestContextBootstrapper - Found @SpringBootConfiguration com.dgsw.cns.domain.ApplicationTests for test class com.dgsw.cns.domain.DataTest
15:33:24.790 [Test worker] DEBUG org.springframework.test.context.util.TestContextSpringFactoriesUtils - Skipping candidate TestExecutionListener [org.springframework.test.context.web.ServletTestExecutionListener] due to a missing dependency. Specify custom TestExecutionListener classes or make the default TestExecutionListener classes and their required dependencies available. Offending class: [jakarta/servlet/ServletContext]
15:33:24.797 [Test worker] DEBUG org.springframework.boot.test.autoconfigure.orm.jpa.DataJpaTestContextBootstrapper - Using TestExecutionListeners for test class [DataTest]: [DirtiesContextBeforeModesTestExecutionListener, ApplicationEventsTestExecutionListener, MockitoTestExecutionListener, DependencyInjectionTestExecutionListener, DirtiesContextTestExecutionListener, TransactionalTestExecutionListener, SqlScriptsTestExecutionListener, EventPublishingTestExecutionListener, RestDocsTestExecutionListener, MockRestServiceServerResetTestExecutionListener, MockMvcPrintOnlyOnFailureTestExecutionListener, WebDriverTestExecutionListener, MockWebServiceServerTestExecutionListener, ResetMocksTestExecutionListener]
15:33:24.798 [Test worker] DEBUG org.springframework.test.context.support.AbstractDirtiesContextTestExecutionListener - Before test class: class [DataTest], class annotated with @DirtiesContext [false] with mode [null]
15:33:24.805 [Test worker] DEBUG org.springframework.test.context.support.DependencyInjectionTestExecutionListener - Performing dependency injection for test class com.dgsw.cns.domain.DataTest

  .   ____          _            __ _ _
 /\\ / ___'_ __ _ _(_)_ __  __ _ \ \ \ \
( ( )\___ | '_ | '_| | '_ \/ _` | \ \ \ \
 \\/  ___)| |_)| | | | | || (_| |  ) ) ) )
  '  |____| .__|_| |_|_| |_\__, | / / / /
 =========|_|==============|___/=/_/_/_/
 :: Spring Boot ::                (v3.0.1)

2022-12-31T15:33:24.989+09:00  INFO 3808 --- [    Test worker] com.dgsw.cns.domain.DataTest             : Starting DataTest using Java 17.0.4.1 with PID 3808 (started by user in D:\develop\ida-carnation\User-Spi)
2022-12-31T15:33:24.990+09:00  INFO 3808 --- [    Test worker] com.dgsw.cns.domain.DataTest             : No active profile set, falling back to 1 default profile: "default"
2022-12-31T15:33:25.154+09:00  INFO 3808 --- [    Test worker] .s.d.r.c.RepositoryConfigurationDelegate : Bootstrapping Spring Data JPA repositories in DEFAULT mode.
2022-12-31T15:33:25.185+09:00  INFO 3808 --- [    Test worker] .s.d.r.c.RepositoryConfigurationDelegate : Finished Spring Data repository scanning in 26 ms. Found 1 JPA repository interfaces.
2022-12-31T15:33:25.226+09:00  INFO 3808 --- [    Test worker] beddedDataSourceBeanFactoryPostProcessor : Replacing 'dataSource' DataSource bean with embedded version
2022-12-31T15:33:25.317+09:00  INFO 3808 --- [    Test worker] o.s.j.d.e.EmbeddedDatabaseFactory        : Starting embedded database: url='jdbc:h2:mem:f2951b7a-5715-4841-b3a1-2c17b3cf01de;DB_CLOSE_DELAY=-1;DB_CLOSE_ON_EXIT=false', username='sa'
2022-12-31T15:33:25.479+09:00  INFO 3808 --- [    Test worker] o.hibernate.jpa.internal.util.LogHelper  : HHH000204: Processing PersistenceUnitInfo [name: default]
2022-12-31T15:33:25.513+09:00  INFO 3808 --- [    Test worker] org.hibernate.Version                    : HHH000412: Hibernate ORM core version 6.1.6.Final
2022-12-31T15:33:25.613+09:00  WARN 3808 --- [    Test worker] org.hibernate.orm.deprecation            : HHH90000021: Encountered deprecated setting [javax.persistence.sharedCache.mode], use [jakarta.persistence.sharedCache.mode] instead
2022-12-31T15:33:25.692+09:00  INFO 3808 --- [    Test worker] SQL dialect                              : HHH000400: Using dialect: org.hibernate.dialect.H2Dialect
Hibernate: drop table if exists member cascade 
Hibernate: create table member (id bigint generated by default as identity, username varchar(255), primary key (id))
2022-12-31T15:33:26.102+09:00  INFO 3808 --- [    Test worker] o.h.e.t.j.p.i.JtaPlatformInitiator       : HHH000490: Using JtaPlatform implementation: [org.hibernate.engine.transaction.jta.platform.internal.NoJtaPlatform]
2022-12-31T15:33:26.108+09:00  INFO 3808 --- [    Test worker] j.LocalContainerEntityManagerFactoryBean : Initialized JPA EntityManagerFactory for persistence unit 'default'
2022-12-31T15:33:26.326+09:00  INFO 3808 --- [    Test worker] com.dgsw.cns.domain.DataTest             : Started DataTest in 1.493 seconds (process running for 2.137)
Hibernate: insert into member (id, username) values (default, ?)
Hibernate: select m1_0.id,m1_0.username from member m1_0 where m1_0.username=?
]]></system-out>
  <system-err><![CDATA[]]></system-err>
</testsuite>
